<?xml version="1.0" encoding="UTF-8"?>
<testsuite xmlns:xsi="http://www.w3.org/2001/XMLSchema-instance" xsi:noNamespaceSchemaLocation="https://maven.apache.org/surefire/maven-surefire-plugin/xsd/surefire-test-report-3.0.xsd" version="3.0" name="com.amsidh.mvc.service.BankServiceTest" time="0.991" tests="1" errors="0" skipped="0" failures="0">
  <properties>
[...]
</properties>
  <testcase name="getBalanceTest" classname="com.amsidh.mvc.service.BankServiceTest" time="0.318">
    <system-out><![CDATA[Server started on port 6565 and services [BankService]
Unary balance received 100
]]></system-out>
  </testcase>
</testsuite>